c:\users\hp\downloads\compressed\myhealth-master\myhealth-master\x64\debug\mysql.data.dll
c:\users\hp\downloads\compressed\myhealth-master\myhealth-master\x64\debug\cetakantrianapp.myform.resources
c:\users\hp\downloads\compressed\myhealth-master\myhealth-master\x64\debug\cetakantrianapp.myform3.resources
c:\users\hp\downloads\compressed\myhealth-master\myhealth-master\x64\debug\cetakantrianapp.myusercontrol.resources
c:\users\hp\downloads\compressed\myhealth-master\myhealth-master\x64\debug\cetakantrianapp.myusercontrol1.resources
c:\users\hp\downloads\compressed\myhealth-master\myhealth-master\x64\debug\cetakantrianapp.myusercontrol2.resources
c:\users\hp\downloads\compressed\myhealth-master\myhealth-master\x64\debug\cetakantrianapp.myusercontrol3.resources
c:\users\hp\downloads\compressed\myhealth-master\myhealth-master\x64\debug\vc142.pdb
c:\users\hp\downloads\compressed\myhealth-master\myhealth-master\x64\debug\.netframework,version=v4.6.1.assemblyattributes.obj
c:\users\hp\downloads\compressed\myhealth-master\myhealth-master\x64\debug\myusercontrol3.obj
c:\users\hp\downloads\compressed\myhealth-master\myhealth-master\x64\debug\myusercontrol2.obj
c:\users\hp\downloads\compressed\myhealth-master\myhealth-master\x64\debug\myusercontrol1.obj
c:\users\hp\downloads\compressed\myhealth-master\myhealth-master\x64\debug\myusercontrol.obj
c:\users\hp\downloads\compressed\myhealth-master\myhealth-master\x64\debug\myform.obj
c:\users\hp\downloads\compressed\myhealth-master\myhealth-master\x64\debug\myform3.obj
c:\users\hp\downloads\compressed\myhealth-master\myhealth-master\x64\debug\cetakantrianapp.exe
c:\users\hp\downloads\compressed\myhealth-master\myhealth-master\x64\debug\cetakantrianapp.pdb
c:\users\hp\downloads\compressed\myhealth-master\myhealth-master\x64\debug\cetakantrianapp.tlog\metagen.write.1.tlog
c:\users\hp\downloads\compressed\myhealth-master\myhealth-master\x64\debug\cetakantrianapp.exe.metagen
c:\users\hp\downloads\compressed\myhealth-master\myhealth-master\x64\debug\cetakantrianapp.tlog\cetakantrianapp.read.1u.tlog
c:\users\hp\downloads\compressed\myhealth-master\myhealth-master\x64\debug\cetakantrianapp.tlog\cetakantrianapp.write.1u.tlog
c:\users\hp\downloads\compressed\myhealth-master\myhealth-master\x64\debug\cetakantrianapp.tlog\cl.command.1.tlog
c:\users\hp\downloads\compressed\myhealth-master\myhealth-master\x64\debug\cetakantrianapp.tlog\cl.read.1.tlog
c:\users\hp\downloads\compressed\myhealth-master\myhealth-master\x64\debug\cetakantrianapp.tlog\cl.write.1.tlog
c:\users\hp\downloads\compressed\myhealth-master\myhealth-master\x64\debug\cetakantrianapp.tlog\link.command.1.tlog
c:\users\hp\downloads\compressed\myhealth-master\myhealth-master\x64\debug\cetakantrianapp.tlog\link.read.1.tlog
c:\users\hp\downloads\compressed\myhealth-master\myhealth-master\x64\debug\cetakantrianapp.tlog\link.write.1.tlog
c:\users\hp\downloads\compressed\myhealth-master\myhealth-master\x64\debug\cetakantrianapp.tlog\metagen.read.1.tlog
c:\users\hp\downloads\compressed\myhealth-master\myhealth-master\x64\debug\cetakantrianapp.tlog\mysql.data.dll.metagen
